<?xml version="1.0" encoding="UTF-8"?>
<testng-results ignored="0" total="1" passed="1" failed="0" skipped="0">
  <reporter-output>
  </reporter-output>
  <suite started-at="2020-02-25T14:45:59 IST" name="Suite" finished-at="2020-02-25T14:46:12 IST" duration-ms="13177">
    <groups>
    </groups>
    <test started-at="2020-02-25T14:45:59 IST" name="Test" finished-at="2020-02-25T14:46:12 IST" duration-ms="13177">
      <class name="test.TESTFramework">
        <test-method is-config="true" signature="openApp()[pri:0, instance:test.TESTFramework@36902638]" started-at="2020-02-25T14:45:59 IST" name="openApp" finished-at="2020-02-25T14:46:09 IST" duration-ms="10117" status="PASS">
          <reporter-output>
          </reporter-output>
        </test-method> <!-- openApp -->
        <test-method signature="enter()[pri:0, instance:test.TESTFramework@36902638]" started-at="2020-02-25T14:46:09 IST" name="enter" finished-at="2020-02-25T14:46:12 IST" duration-ms="2975" status="PASS">
          <reporter-output>
          </reporter-output>
        </test-method> <!-- enter -->
        <test-method is-config="true" signature="closeApp()[pri:0, instance:test.TESTFramework@36902638]" started-at="2020-02-25T14:46:12 IST" name="closeApp" finished-at="2020-02-25T14:46:12 IST" duration-ms="1" status="PASS">
          <reporter-output>
          </reporter-output>
        </test-method> <!-- closeApp -->
      </class> <!-- test.TESTFramework -->
    </test> <!-- Test -->
  </suite> <!-- Suite -->
</testng-results>
