<?xml version="1.0" encoding="UTF-8"?>
<testng-results ignored="0" total="1" passed="1" failed="0" skipped="0">
  <reporter-output>
  </reporter-output>
  <suite started-at="2020-02-25T17:10:28 IST" name="Suite" finished-at="2020-02-25T17:10:37 IST" duration-ms="9022">
    <groups>
    </groups>
    <test started-at="2020-02-25T17:10:28 IST" name="Test" finished-at="2020-02-25T17:10:37 IST" duration-ms="9022">
      <class name="test.TESTFramework">
        <test-method is-config="true" signature="openApp()[pri:0, instance:test.TESTFramework@36902638]" started-at="2020-02-25T17:10:28 IST" name="openApp" finished-at="2020-02-25T17:10:33 IST" duration-ms="5378" status="PASS">
          <reporter-output>
          </reporter-output>
        </test-method> <!-- openApp -->
        <test-method signature="enter()[pri:0, instance:test.TESTFramework@36902638]" started-at="2020-02-25T17:10:33 IST" name="enter" finished-at="2020-02-25T17:10:37 IST" duration-ms="3574" status="PASS">
          <reporter-output>
          </reporter-output>
        </test-method> <!-- enter -->
        <test-method is-config="true" signature="closeApp()[pri:0, instance:test.TESTFramework@36902638]" started-at="2020-02-25T17:10:37 IST" name="closeApp" finished-at="2020-02-25T17:10:37 IST" duration-ms="0" status="PASS">
          <reporter-output>
          </reporter-output>
        </test-method> <!-- closeApp -->
      </class> <!-- test.TESTFramework -->
    </test> <!-- Test -->
  </suite> <!-- Suite -->
</testng-results>
